<?xml version="1.0" encoding="UTF-8"?>
<!-- Generated by org.testng.reporters.JUnitReportReporter -->
<testsuite skipped="0" hostname="Rajendra-PC" name="testrunners.ParallelRun" tests="1" failures="0" timestamp="12 Oct 2022 05:04:43 GMT" time="0.170" errors="0">
  <testcase name="runScenario" time="0.170" classname="testrunners.ParallelRun"/>
</testsuite> <!-- testrunners.ParallelRun -->
